<?xml version="1.0" encoding="UTF-8"?>
<!-- Generated by org.testng.reporters.JUnitXMLReporter -->
<testsuite hostname="DESKTOP-33A93L7" ignored="0" name="Test" tests="5" failures="0" timestamp="11 Jun 2019 22:53:39 GMT" time="17.736" errors="0">
  <testcase name="login" time="1.322" classname="com.class04.SmartBearTask"/>
  <testcase name="createUser" time="3.533" classname="com.class04.SmartBearTask"/>
  <testcase name="createUser" time="3.42" classname="com.class04.SmartBearTask"/>
  <testcase name="updateUser" time="3.06" classname="com.class04.SmartBearTask"/>
  <testcase name="verifyUsers" time="0.927" classname="com.class04.SmartBearTask"/>
</testsuite> <!-- Test -->
