<?xml version="1.0" encoding="UTF-8"?>
<testng-results skipped="0" failed="0" ignored="0" total="1" passed="1">
  <reporter-output>
  </reporter-output>
  <suite name="Default suite" duration-ms="47" started-at="2019-05-29T00:10:12Z" finished-at="2019-05-29T00:10:12Z">
    <groups>
    </groups>
    <test name="Default test" duration-ms="47" started-at="2019-05-29T00:10:12Z" finished-at="2019-05-29T00:10:12Z">
      <class name="com.class01.TestDemo">
        <test-method status="PASS" signature="testDem()[pri:0, instance:com.class01.TestDemo@100fc185]" name="testDem" duration-ms="15" started-at="2019-05-29T00:10:12Z" finished-at="2019-05-29T00:10:12Z">
          <reporter-output>
          </reporter-output>
        </test-method> <!-- testDem -->
      </class> <!-- com.class01.TestDemo -->
    </test> <!-- Default test -->
  </suite> <!-- Default suite -->
</testng-results>
